<?xml version="1.0" encoding="UTF-8"?>
<!-- Generated by org.testng.reporters.JUnitXMLReporter -->
<testsuite hostname="CORPLC913696.local" ignored="0" name="Rest Assured" tests="3" failures="0" timestamp="14 Sep 2020 03:48:50 GMT" time="3.643" errors="0">
  <testcase name="GET_HTTP_REQUEST" time="1.581" classname="com.study.automation.TestCases.Case1"/>
  <testcase name="POST_REQUEST" time="0.973" classname="com.study.automation.TestCases.Case1"/>
  <testcase name="UPDATE_REQUEST" time="0.673" classname="com.study.automation.TestCases.Case1"/>
</testsuite> <!-- Rest Assured -->
