<?xml version="1.0" encoding="UTF-8"?>
<testng-results skipped="0" failed="0" ignored="0" total="3" passed="3">
  <reporter-output>
    <line>
      <![CDATA[GET_HTTP_REQUEST = [Pass]<br>]]>
    </line>
    <line>
      <![CDATA[GET_HTTP_REQUEST = [Pass]<br>]]>
    </line>
    <line>
      <![CDATA[POST_REQUEST = [Pass]<br>]]>
    </line>
    <line>
      <![CDATA[POST_REQUEST = [Pass]<br>]]>
    </line>
    <line>
      <![CDATA[UPDATE_REQUEST = [Pass]<br>]]>
    </line>
    <line>
      <![CDATA[UPDATE_REQUEST = [Pass]<br>]]>
    </line>
  </reporter-output>
  <suite name="Suite-1" duration-ms="3643" started-at="2020-09-14T03:48:46Z" finished-at="2020-09-14T03:48:50Z">
    <groups>
    </groups>
    <test name="Rest Assured" duration-ms="3643" started-at="2020-09-14T03:48:46Z" finished-at="2020-09-14T03:48:50Z">
      <class name="com.study.automation.TestCases.Case1">
        <test-method status="PASS" signature="InitVariables()[pri:0, instance:com.study.automation.TestCases.Case1@7a5d012c]" name="InitVariables" is-config="true" duration-ms="548" started-at="2020-09-14T09:18:45Z" finished-at="2020-09-14T09:18:46Z">
          <reporter-output>
          </reporter-output>
        </test-method> <!-- InitVariables -->
        <test-method status="PASS" signature="GET_HTTP_REQUEST()[pri:0, instance:com.study.automation.TestCases.Case1@7a5d012c]" name="GET_HTTP_REQUEST" duration-ms="1581" started-at="2020-09-14T09:18:46Z" finished-at="2020-09-14T09:18:48Z">
          <reporter-output>
            <line>
              <![CDATA[GET_HTTP_REQUEST = [Pass]<br>]]>
            </line>
            <line>
              <![CDATA[GET_HTTP_REQUEST = [Pass]<br>]]>
            </line>
          </reporter-output>
        </test-method> <!-- GET_HTTP_REQUEST -->
        <test-method status="PASS" signature="POST_REQUEST()[pri:0, instance:com.study.automation.TestCases.Case1@7a5d012c]" name="POST_REQUEST" duration-ms="973" started-at="2020-09-14T09:18:48Z" finished-at="2020-09-14T09:18:49Z">
          <reporter-output>
            <line>
              <![CDATA[POST_REQUEST = [Pass]<br>]]>
            </line>
            <line>
              <![CDATA[POST_REQUEST = [Pass]<br>]]>
            </line>
          </reporter-output>
        </test-method> <!-- POST_REQUEST -->
        <test-method status="PASS" signature="UPDATE_REQUEST()[pri:0, instance:com.study.automation.TestCases.Case1@7a5d012c]" name="UPDATE_REQUEST" duration-ms="673" started-at="2020-09-14T09:18:49Z" finished-at="2020-09-14T09:18:49Z">
          <reporter-output>
            <line>
              <![CDATA[UPDATE_REQUEST = [Pass]<br>]]>
            </line>
            <line>
              <![CDATA[UPDATE_REQUEST = [Pass]<br>]]>
            </line>
          </reporter-output>
        </test-method> <!-- UPDATE_REQUEST -->
        <test-method status="PASS" signature="flush()[pri:0, instance:com.study.automation.TestCases.Case1@7a5d012c]" name="flush" is-config="true" duration-ms="23" started-at="2020-09-14T09:18:50Z" finished-at="2020-09-14T09:18:50Z">
          <reporter-output>
          </reporter-output>
        </test-method> <!-- flush -->
      </class> <!-- com.study.automation.TestCases.Case1 -->
    </test> <!-- Rest Assured -->
  </suite> <!-- Suite-1 -->
</testng-results>
