<?xml version="1.0" encoding="UTF-8"?>
<testng-results skipped="0" failed="0" ignored="0" total="0" passed="0">
  <reporter-output>
  </reporter-output>
  <suite name="com.study.automation.BaseTest.BaseTest" duration-ms="2" started-at="2020-09-13T14:37:19Z" finished-at="2020-09-13T14:37:19Z">
    <groups>
    </groups>
    <test name="Command line test" duration-ms="2" started-at="2020-09-13T14:37:19Z" finished-at="2020-09-13T14:37:19Z">
      <class name="com.study.automation.BaseTest.BaseTest">
        <test-method status="PASS" signature="InitVariables()[pri:0, instance:com.study.automation.BaseTest.BaseTest@2ed94a8b]" name="InitVariables" is-config="true" duration-ms="364" started-at="2020-09-13T20:07:19Z" finished-at="2020-09-13T20:07:19Z">
          <reporter-output>
          </reporter-output>
        </test-method> <!-- InitVariables -->
        <test-method status="FAIL" signature="flush()[pri:0, instance:com.study.automation.BaseTest.BaseTest@2ed94a8b]" name="flush" is-config="true" duration-ms="1" started-at="2020-09-13T20:07:19Z" finished-at="2020-09-13T20:07:19Z">
          <exception class="java.lang.NullPointerException">
            <full-stacktrace>
              <![CDATA[java.lang.NullPointerException
	at com.study.automation.customReporter.ExtentManager.addExecutionDetails_ExtentReport(ExtentManager.java:55)
	at com.study.automation.BaseTest.BaseTest.flush(BaseTest.java:36)
	at sun.reflect.NativeMethodAccessorImpl.invoke0(Native Method)
	at sun.reflect.NativeMethodAccessorImpl.invoke(NativeMethodAccessorImpl.java:62)
	at sun.reflect.DelegatingMethodAccessorImpl.invoke(DelegatingMethodAccessorImpl.java:43)
	at java.lang.reflect.Method.invoke(Method.java:498)
	at org.testng.internal.MethodInvocationHelper.invokeMethod(MethodInvocationHelper.java:108)
	at org.testng.internal.Invoker.invokeConfigurationMethod(Invoker.java:523)
	at org.testng.internal.Invoker.invokeConfigurations(Invoker.java:224)
	at org.testng.internal.Invoker.invokeConfigurations(Invoker.java:146)
	at org.testng.SuiteRunner.privateRun(SuiteRunner.java:350)
	at org.testng.SuiteRunner.run(SuiteRunner.java:289)
	at org.testng.SuiteRunnerWorker.runSuite(SuiteRunnerWorker.java:52)
	at org.testng.SuiteRunnerWorker.run(SuiteRunnerWorker.java:86)
	at org.testng.TestNG.runSuitesSequentially(TestNG.java:1301)
	at org.testng.TestNG.runSuitesLocally(TestNG.java:1226)
	at org.testng.TestNG.runSuites(TestNG.java:1144)
	at org.testng.TestNG.run(TestNG.java:1115)
	at org.apache.maven.surefire.testng.TestNGExecutor.run(TestNGExecutor.java:77)
	at org.apache.maven.surefire.testng.TestNGDirectoryTestSuite.execute(TestNGDirectoryTestSuite.java:110)
	at org.apache.maven.surefire.testng.TestNGProvider.invoke(TestNGProvider.java:106)
	at sun.reflect.NativeMethodAccessorImpl.invoke0(Native Method)
	at sun.reflect.NativeMethodAccessorImpl.invoke(NativeMethodAccessorImpl.java:62)
	at sun.reflect.DelegatingMethodAccessorImpl.invoke(DelegatingMethodAccessorImpl.java:43)
	at java.lang.reflect.Method.invoke(Method.java:498)
	at org.apache.maven.surefire.util.ReflectionUtils.invokeMethodWithArray(ReflectionUtils.java:189)
	at org.apache.maven.surefire.booter.ProviderFactory$ProviderProxy.invoke(ProviderFactory.java:165)
	at org.apache.maven.surefire.booter.ProviderFactory.invokeProvider(ProviderFactory.java:85)
	at org.apache.maven.surefire.booter.ForkedBooter.runSuitesInProcess(ForkedBooter.java:115)
	at org.apache.maven.surefire.booter.ForkedBooter.main(ForkedBooter.java:75)
]]>
            </full-stacktrace>
          </exception> <!-- java.lang.NullPointerException -->
          <reporter-output>
          </reporter-output>
        </test-method> <!-- flush -->
      </class> <!-- com.study.automation.BaseTest.BaseTest -->
    </test> <!-- Command line test -->
  </suite> <!-- com.study.automation.BaseTest.BaseTest -->
</testng-results>
